<testsuites id="" name="" tests="10" failures="0" skipped="0" errors="0" time="21.747">
<testsuite name="TC_01_productPage.test.js" timestamp="1653929000616" hostname="" tests="5" failures="0" skipped="0" time="25.938" errors="0">
<testcase name="@smoke: Login as a standard user to verify the products page and logout from the application Login to App as a standard user" classname="[Chrome] › TC_01_productPage.test.js:57:5 › @smoke: Login as a standard user to verify the products page and logout from the application › Login to App as a standard user" time="7.889">
</testcase>
<testcase name="@smoke: Login as a standard user to verify the products page and logout from the application Click on the &quot;About&quot; side nav bar link to check whether user is navigated to sauce labs page" classname="[Chrome] › TC_01_productPage.test.js:180:5 › @smoke: Login as a standard user to verify the products page and logout from the application › Click on the &quot;About&quot; side nav bar link to check whether user is navigated to sauce labs page" time="6.86">
</testcase>
<testcase name="Verify All Social Channel Links Click on Facebook link and check whether user is navigated to Facebook page" classname="[Chrome] › TC_01_productPage.test.js:200:3 › Verify All Social Channel Links › Click on Facebook link and check whether user is navigated to Facebook page" time="4.419">
</testcase>
<testcase name="Verify All Social Channel Links Click on LinkedIn link and check whether user is navigated to LinkedIn page" classname="[Chrome] › TC_01_productPage.test.js:221:3 › Verify All Social Channel Links › Click on LinkedIn link and check whether user is navigated to LinkedIn page" time="4.363">
</testcase>
<testcase name="Verify All Social Channel Links Click on Twitter link and check whether user is navigated to twitter page" classname="[Chrome] › TC_01_productPage.test.js:242:3 › Verify All Social Channel Links › Click on Twitter link and check whether user is navigated to twitter page" time="2.407">
</testcase>
</testsuite>
<testsuite name="TC_02_checkoutWorkflow.test.js" timestamp="1653929000616" hostname="" tests="1" failures="0" skipped="0" time="9.035" errors="0">
<testcase name="Login as a standard user to complete the checkout workflow Login to App as a standard user" classname="[Chrome] › TC_02_checkoutWorkflow.test.js:49:5 › Login as a standard user to complete the checkout workflow › Login to App as a standard user" time="9.035">
</testcase>
</testsuite>
<testsuite name="TC_03_checkoutWithSUandPGU.test.js" timestamp="1653929000616" hostname="" tests="1" failures="0" skipped="0" time="21.151" errors="0">
<testcase name="Login as a Standard User to select a product item and then complete the checkout workflow with Performance Glitch User Login to App as a standard user" classname="[Chrome] › TC_03_checkoutWithSUandPGU.test.js:92:5 › Login as a Standard User to select a product item and then complete the checkout workflow with Performance Glitch User › Login to App as a standard user" time="21.151">
</testcase>
</testsuite>
<testsuite name="TC_04_checkoutWithPUandPGU.test.js" timestamp="1653929000616" hostname="" tests="1" failures="0" skipped="0" time="17.033" errors="0">
<testcase name="Login as a Problem user to select a product item and then complete the checkout workflow with Performance Glitch User Login to App as a problem user" classname="[Chrome] › TC_04_checkoutWithPUandPGU.test.js:56:5 › Login as a Problem user to select a product item and then complete the checkout workflow with Performance Glitch User › Login to App as a problem user" time="17.033">
</testcase>
</testsuite>
<testsuite name="TC_05_checkoutWithPGUandSU.test.js" timestamp="1653929000616" hostname="" tests="2" failures="0" skipped="0" time="10.609" errors="0">
<testcase name="Login as a Locked out user and Performance glitch user and complete the checkout workflow with Standard user Login to App as a Locked out user user" classname="[Chrome] › TC_05_checkoutWithPGUandSU.test.js:56:5 › Login as a Locked out user and Performance glitch user and complete the checkout workflow with Standard user › Login to App as a Locked out user user" time="2.012">
</testcase>
<testcase name="Login as a Locked out user and Performance glitch user and complete the checkout workflow with Standard user Login to App as a Performance glitch user" classname="[Chrome] › TC_05_checkoutWithPGUandSU.test.js:78:5 › Login as a Locked out user and Performance glitch user and complete the checkout workflow with Standard user › Login to App as a Performance glitch user" time="8.597">
</testcase>
</testsuite>
</testsuites>