<testsuites id="" name="" tests="1" failures="0" skipped="0" errors="0" time="16.006479999999982">
<testsuite name="TC_03_checkoutWithSUandPGU.test.js" timestamp="2023-07-31T17:03:12.892Z" hostname="Chrome" tests="1" failures="0" skipped="0" time="14.752" errors="0">
<testcase name="Login as a Standard User to select a product item and then complete the checkout workflow with Performance Glitch User › Login to App as a standard user" classname="TC_03_checkoutWithSUandPGU.test.js" time="14.752">
</testcase>
</testsuite>
</testsuites>